IMAGE_INACCURATE: hammerstone
ALL_IMAGES_INACCURATE: hammerstone
IMAGE_INACCURATE: rock
IMAGE_INACCURATE: graphite
ALL_IMAGES_INACCURATE: graphite
IMAGE_INACCURATE: tin ore
IMAGE_INACCURATE: tin
IMAGE_INACCURATE: chalk
IMAGE_INACCURATE: lead
ALL_IMAGES_INACCURATE: lead
IMAGE_INACCURATE: water
ALL_IMAGES_INACCURATE: water
IMAGE_INACCURATE: mould
ALL_IMAGES_INACCURATE: mould
ALL_IMAGES_INACCURATE: cesium
IMAGE_INACCURATE: silver
IMAGE_INACCURATE: knife-edge
IMAGE_INACCURATE: mica
IMAGE_INACCURATE: tungsten
IMAGE_INACCURATE: zinc sulfide
IMAGE_INACCURATE: sand
IMAGE_INACCURATE: rosin
ALL_IMAGES_INACCURATE: cesium
IMAGE_INACCURATE: hemp
IMAGE_INACCURATE: feldspar
IMAGE_INACCURATE: tuna
IMAGE_INACCURATE: limestone
IMAGE_INACCURATE: zinc
IMAGE_INACCURATE: stick
IMAGE_INACCURATE: natron
ALL_IMAGES_INACCURATE: natron
IMAGE_INACCURATE: earth
ALL_IMAGES_INACCURATE: earth
IMAGE_INACCURATE: furnace
IMAGE_INACCURATE: sandstone
IMAGE_INACCURATE: sandstone
ALL_IMAGES_INACCURATE: sandstone
IMAGE_INACCURATE: bone
IMAGE_INACCURATE: tuyere
ALL_IMAGES_INACCURATE: tuyere
IMAGE_INACCURATE: tuyere
IMAGE_INACCURATE: tree
IMAGE_INACCURATE: quartzite
IMAGE_INACCURATE: quartzite flake
IMAGE_INACCURATE: scraper
IMAGE_INACCURATE: animal
IMAGE_INACCURATE: flint
IMAGE_INACCURATE: antlered animal
ALL_IMAGES_INACCURATE: antlered animal
IMAGE_INACCURATE: antler
IMAGE_INACCURATE: antler tine
IMAGE_INACCURATE: chisel
IMAGE_INACCURATE: stone flake
ALL_IMAGES_INACCURATE: stone flake
IMAGE_INACCURATE: skull
IMAGE_INACCURATE: animal head
IMAGE_INACCURATE: brain
IMAGE_INACCURATE: animal carcass
ALL_IMAGES_INACCURATE: animal carcass
IMAGE_INACCURATE: tendon
ALL_IMAGES_INACCURATE: tendon
IMAGE_INACCURATE: sinew
ALL_IMAGES_INACCURATE: sinew
IMAGE_INACCURATE: animal fat
ALL_IMAGES_INACCURATE: animal fat
IMAGE_INACCURATE: soot
ALL_IMAGES_INACCURATE: soot
IMAGE_INACCURATE: branch
ALL_IMAGES_INACCURATE: branch
IMAGE_INACCURATE: forked branch
ALL_IMAGES_INACCURATE: forked branch
IMAGE_INACCURATE: crucible
IMAGE_INACCURATE: gold ore
IMAGE_INACCURATE: whetstone
ALL_IMAGES_INACCURATE: silica
IMAGE_INACCURATE: shepherds pie
IMAGE_INACCURATE: can of tuna
ALL_IMAGES_INACCURATE: can of tuna
IMAGE_INACCURATE: piano
IMAGE_INACCURATE: camera
IMAGE_INACCURATE: automobile
ALL_IMAGES_INACCURATE: automobile
IMAGE_INACCURATE: telephone
IMAGE_INACCURATE: gas engine
ALL_IMAGES_INACCURATE: bicycle
IMAGE_INACCURATE: wristwatch
ALL_IMAGES_INACCURATE: grass
